[0.007s] Invoking command in '/ros2_ws/build/sanity_pkg': CMAKE_PREFIX_PATH=/opt/ros/humble /usr/bin/cmake /ros2_ws/src/sanity_pkg -DCMAKE_INSTALL_PREFIX=/ros2_ws/install/sanity_pkg
[0.047s] -- The C compiler identification is GNU 11.4.0
[0.085s] -- The CXX compiler identification is GNU 11.4.0
[0.091s] -- Detecting C compiler ABI info
[0.140s] -- Detecting C compiler ABI info - done
[0.145s] -- Check for working C compiler: /usr/bin/cc - skipped
[0.145s] -- Detecting C compile features
[0.145s] -- Detecting C compile features - done
[0.148s] -- Detecting CXX compiler ABI info
[0.202s] -- Detecting CXX compiler ABI info - done
[0.207s] -- Check for working CXX compiler: /usr/bin/c++ - skipped
[0.207s] -- Detecting CXX compile features
[0.208s] -- Detecting CXX compile features - done
[0.210s] -- Found ament_cmake: 1.3.12 (/opt/ros/humble/share/ament_cmake/cmake)
[0.308s] -- Found Python3: /usr/bin/python3 (found version "3.10.12") found components: Interpreter 
[0.365s] -- Found ament_lint_auto: 0.12.14 (/opt/ros/humble/share/ament_lint_auto/cmake)
[0.414s] -- Added test 'lint_cmake' to check CMake code style
[0.415s] -- Added test 'xmllint' to check XML markup files
[0.416s] -- Configuring done
[0.426s] -- Generating done
[0.427s] -- Build files have been written to: /ros2_ws/build/sanity_pkg
[0.431s] Invoked command in '/ros2_ws/build/sanity_pkg' returned '0': CMAKE_PREFIX_PATH=/opt/ros/humble /usr/bin/cmake /ros2_ws/src/sanity_pkg -DCMAKE_INSTALL_PREFIX=/ros2_ws/install/sanity_pkg
[0.432s] Invoking command in '/ros2_ws/build/sanity_pkg': CMAKE_PREFIX_PATH=/opt/ros/humble /usr/bin/cmake --build /ros2_ws/build/sanity_pkg -- -j16 -l16
[0.460s] Invoked command in '/ros2_ws/build/sanity_pkg' returned '0': CMAKE_PREFIX_PATH=/opt/ros/humble /usr/bin/cmake --build /ros2_ws/build/sanity_pkg -- -j16 -l16
[0.468s] Invoking command in '/ros2_ws/build/sanity_pkg': CMAKE_PREFIX_PATH=/opt/ros/humble /usr/bin/cmake --install /ros2_ws/build/sanity_pkg
[0.473s] -- Install configuration: ""
[0.473s] -- Installing: /ros2_ws/install/sanity_pkg/share/ament_index/resource_index/package_run_dependencies/sanity_pkg
[0.473s] -- Installing: /ros2_ws/install/sanity_pkg/share/ament_index/resource_index/parent_prefix_path/sanity_pkg
[0.473s] -- Installing: /ros2_ws/install/sanity_pkg/share/sanity_pkg/environment/ament_prefix_path.sh
[0.473s] -- Installing: /ros2_ws/install/sanity_pkg/share/sanity_pkg/environment/ament_prefix_path.dsv
[0.473s] -- Installing: /ros2_ws/install/sanity_pkg/share/sanity_pkg/environment/path.sh
[0.473s] -- Installing: /ros2_ws/install/sanity_pkg/share/sanity_pkg/environment/path.dsv
[0.474s] -- Installing: /ros2_ws/install/sanity_pkg/share/sanity_pkg/local_setup.bash
[0.474s] -- Installing: /ros2_ws/install/sanity_pkg/share/sanity_pkg/local_setup.sh
[0.474s] -- Installing: /ros2_ws/install/sanity_pkg/share/sanity_pkg/local_setup.zsh
[0.474s] -- Installing: /ros2_ws/install/sanity_pkg/share/sanity_pkg/local_setup.dsv
[0.474s] -- Installing: /ros2_ws/install/sanity_pkg/share/sanity_pkg/package.dsv
[0.474s] -- Installing: /ros2_ws/install/sanity_pkg/share/ament_index/resource_index/packages/sanity_pkg
[0.474s] -- Installing: /ros2_ws/install/sanity_pkg/share/sanity_pkg/cmake/sanity_pkgConfig.cmake
[0.474s] -- Installing: /ros2_ws/install/sanity_pkg/share/sanity_pkg/cmake/sanity_pkgConfig-version.cmake
[0.475s] -- Installing: /ros2_ws/install/sanity_pkg/share/sanity_pkg/package.xml
[0.476s] Invoked command in '/ros2_ws/build/sanity_pkg' returned '0': CMAKE_PREFIX_PATH=/opt/ros/humble /usr/bin/cmake --install /ros2_ws/build/sanity_pkg
