[0.008s] Invoking command in '/ros2_ws/build/linear_algebra_nodes_common': CMAKE_PREFIX_PATH=/ros2_ws/install/linear_algebra_service:/ros2_ws/install/sanity_pkg:/opt/ros/humble /usr/bin/cmake /ros2_ws/src/linear_algebra_nodes_common -DCMAKE_INSTALL_PREFIX=/ros2_ws/install/linear_algebra_nodes_common
[0.045s] -- The C compiler identification is GNU 11.4.0
[0.079s] -- The CXX compiler identification is GNU 11.4.0
[0.083s] -- Detecting C compiler ABI info
[0.128s] -- Detecting C compiler ABI info - done
[0.132s] -- Check for working C compiler: /usr/bin/cc - skipped
[0.133s] -- Detecting C compile features
[0.133s] -- Detecting C compile features - done
[0.135s] -- Detecting CXX compiler ABI info
[0.185s] -- Detecting CXX compiler ABI info - done
[0.189s] -- Check for working CXX compiler: /usr/bin/c++ - skipped
[0.189s] -- Detecting CXX compile features
[0.189s] -- Detecting CXX compile features - done
[0.191s] -- Found ament_cmake: 1.3.12 (/opt/ros/humble/share/ament_cmake/cmake)
[0.282s] -- Found Python3: /usr/bin/python3 (found version "3.10.12") found components: Interpreter 
[0.339s] -- Found rclcpp: 16.0.14 (/opt/ros/humble/share/rclcpp/cmake)
[0.370s] -- Found rosidl_generator_c: 3.1.7 (/opt/ros/humble/share/rosidl_generator_c/cmake)
[0.373s] -- Found rosidl_adapter: 3.1.7 (/opt/ros/humble/share/rosidl_adapter/cmake)
[0.378s] -- Found rosidl_generator_cpp: 3.1.7 (/opt/ros/humble/share/rosidl_generator_cpp/cmake)
[0.385s] -- Using all available rosidl_typesupport_c: rosidl_typesupport_fastrtps_c;rosidl_typesupport_introspection_c
[0.395s] -- Using all available rosidl_typesupport_cpp: rosidl_typesupport_fastrtps_cpp;rosidl_typesupport_introspection_cpp
[0.429s] -- Found rmw_implementation_cmake: 6.1.2 (/opt/ros/humble/share/rmw_implementation_cmake/cmake)
[0.432s] -- Found rmw_fastrtps_cpp: 6.2.8 (/opt/ros/humble/share/rmw_fastrtps_cpp/cmake)
[0.505s] -- Found OpenSSL: /usr/lib/x86_64-linux-gnu/libcrypto.so (found version "3.0.2")  
[0.524s] -- Found FastRTPS: /opt/ros/humble/include  
[0.553s] -- Using RMW implementation 'rmw_fastrtps_cpp' as default
[0.561s] -- Looking for pthread.h
[0.607s] -- Looking for pthread.h - found
[0.607s] -- Performing Test CMAKE_HAVE_LIBC_PTHREAD
[0.656s] -- Performing Test CMAKE_HAVE_LIBC_PTHREAD - Success
[0.657s] -- Found Threads: TRUE  
[0.694s] -- Found linear_algebra_service: 0.0.0 (/ros2_ws/install/linear_algebra_service/share/linear_algebra_service/cmake)
[0.700s] -- Found ament_lint_auto: 0.12.14 (/opt/ros/humble/share/ament_lint_auto/cmake)
[0.748s] -- Added test 'cppcheck' to perform static code analysis on C / C++ code
[0.748s] -- Configured cppcheck include dirs: 
[0.748s] -- Configured cppcheck exclude dirs and/or files: 
[0.748s] -- Added test 'lint_cmake' to check CMake code style
[0.749s] -- Added test 'uncrustify' to check C / C++ code style
[0.749s] -- Configured uncrustify additional arguments: 
[0.750s] -- Added test 'xmllint' to check XML markup files
[0.751s] -- Configuring done
[0.758s] -- Generating done
[0.760s] -- Build files have been written to: /ros2_ws/build/linear_algebra_nodes_common
[0.765s] Invoked command in '/ros2_ws/build/linear_algebra_nodes_common' returned '0': CMAKE_PREFIX_PATH=/ros2_ws/install/linear_algebra_service:/ros2_ws/install/sanity_pkg:/opt/ros/humble /usr/bin/cmake /ros2_ws/src/linear_algebra_nodes_common -DCMAKE_INSTALL_PREFIX=/ros2_ws/install/linear_algebra_nodes_common
[0.766s] Invoking command in '/ros2_ws/build/linear_algebra_nodes_common': CMAKE_PREFIX_PATH=/ros2_ws/install/linear_algebra_service:/ros2_ws/install/sanity_pkg:/opt/ros/humble /usr/bin/cmake --build /ros2_ws/build/linear_algebra_nodes_common -- -j24 -l24
[0.801s] [ 50%] [32mBuilding CXX object CMakeFiles/server_node.dir/src/server_node.cpp.o[0m
[2.265s] [100%] [32m[1mLinking CXX executable server_node[0m
[2.330s] [100%] Built target server_node
[2.337s] Invoked command in '/ros2_ws/build/linear_algebra_nodes_common' returned '0': CMAKE_PREFIX_PATH=/ros2_ws/install/linear_algebra_service:/ros2_ws/install/sanity_pkg:/opt/ros/humble /usr/bin/cmake --build /ros2_ws/build/linear_algebra_nodes_common -- -j24 -l24
[2.344s] Invoking command in '/ros2_ws/build/linear_algebra_nodes_common': CMAKE_PREFIX_PATH=/ros2_ws/install/linear_algebra_service:/ros2_ws/install/sanity_pkg:/opt/ros/humble /usr/bin/cmake --install /ros2_ws/build/linear_algebra_nodes_common
[2.349s] -- Install configuration: ""
[2.349s] -- Installing: /ros2_ws/install/linear_algebra_nodes_common/lib/linear_algebra_nodes_common/server_node
[2.349s] -- Set runtime path of "/ros2_ws/install/linear_algebra_nodes_common/lib/linear_algebra_nodes_common/server_node" to ""
[2.349s] -- Installing: /ros2_ws/install/linear_algebra_nodes_common/share/ament_index/resource_index/package_run_dependencies/linear_algebra_nodes_common
[2.349s] -- Installing: /ros2_ws/install/linear_algebra_nodes_common/share/ament_index/resource_index/parent_prefix_path/linear_algebra_nodes_common
[2.349s] -- Installing: /ros2_ws/install/linear_algebra_nodes_common/share/linear_algebra_nodes_common/environment/ament_prefix_path.sh
[2.350s] -- Installing: /ros2_ws/install/linear_algebra_nodes_common/share/linear_algebra_nodes_common/environment/ament_prefix_path.dsv
[2.350s] -- Installing: /ros2_ws/install/linear_algebra_nodes_common/share/linear_algebra_nodes_common/environment/path.sh
[2.350s] -- Installing: /ros2_ws/install/linear_algebra_nodes_common/share/linear_algebra_nodes_common/environment/path.dsv
[2.350s] -- Installing: /ros2_ws/install/linear_algebra_nodes_common/share/linear_algebra_nodes_common/local_setup.bash
[2.350s] -- Installing: /ros2_ws/install/linear_algebra_nodes_common/share/linear_algebra_nodes_common/local_setup.sh
[2.350s] -- Installing: /ros2_ws/install/linear_algebra_nodes_common/share/linear_algebra_nodes_common/local_setup.zsh
[2.350s] -- Installing: /ros2_ws/install/linear_algebra_nodes_common/share/linear_algebra_nodes_common/local_setup.dsv
[2.350s] -- Installing: /ros2_ws/install/linear_algebra_nodes_common/share/linear_algebra_nodes_common/package.dsv
[2.350s] -- Installing: /ros2_ws/install/linear_algebra_nodes_common/share/ament_index/resource_index/packages/linear_algebra_nodes_common
[2.351s] -- Installing: /ros2_ws/install/linear_algebra_nodes_common/share/linear_algebra_nodes_common/cmake/linear_algebra_nodes_commonConfig.cmake
[2.351s] -- Installing: /ros2_ws/install/linear_algebra_nodes_common/share/linear_algebra_nodes_common/cmake/linear_algebra_nodes_commonConfig-version.cmake
[2.351s] -- Installing: /ros2_ws/install/linear_algebra_nodes_common/share/linear_algebra_nodes_common/package.xml
[2.352s] Invoked command in '/ros2_ws/build/linear_algebra_nodes_common' returned '0': CMAKE_PREFIX_PATH=/ros2_ws/install/linear_algebra_service:/ros2_ws/install/sanity_pkg:/opt/ros/humble /usr/bin/cmake --install /ros2_ws/build/linear_algebra_nodes_common
