[0.006s] Invoking command in '/ros2_ws/build/linear_algebra_service': CMAKE_PREFIX_PATH=/opt/ros/humble /usr/bin/cmake /ros2_ws/src/linear_algebra_service -DCMAKE_INSTALL_PREFIX=/ros2_ws/install/linear_algebra_service
[0.042s] -- The C compiler identification is GNU 11.4.0
[0.077s] -- The CXX compiler identification is GNU 11.4.0
[0.081s] -- Detecting C compiler ABI info
[0.129s] -- Detecting C compiler ABI info - done
[0.133s] -- Check for working C compiler: /usr/bin/cc - skipped
[0.133s] -- Detecting C compile features
[0.133s] -- Detecting C compile features - done
[0.135s] -- Detecting CXX compiler ABI info
[0.187s] -- Detecting CXX compiler ABI info - done
[0.191s] -- Check for working CXX compiler: /usr/bin/c++ - skipped
[0.191s] -- Detecting CXX compile features
[0.192s] -- Detecting CXX compile features - done
[0.193s] -- Found ament_cmake: 1.3.12 (/opt/ros/humble/share/ament_cmake/cmake)
[0.282s] -- Found Python3: /usr/bin/python3 (found version "3.10.12") found components: Interpreter 
[0.333s] -- Found rosidl_default_generators: 1.2.0 (/opt/ros/humble/share/rosidl_default_generators/cmake)
[0.334s] -- Using all available rosidl_typesupport_c: rosidl_typesupport_fastrtps_c;rosidl_typesupport_introspection_c
[0.338s] -- Found rosidl_adapter: 3.1.7 (/opt/ros/humble/share/rosidl_adapter/cmake)
[0.359s] -- Using all available rosidl_typesupport_cpp: rosidl_typesupport_fastrtps_cpp;rosidl_typesupport_introspection_cpp
[0.525s] -- Found ament_cmake_ros: 0.10.0 (/opt/ros/humble/share/ament_cmake_ros/cmake)
[0.634s] -- Using all available rosidl_typesupport_c: rosidl_typesupport_fastrtps_c;rosidl_typesupport_introspection_c
[0.774s] -- Using all available rosidl_typesupport_cpp: rosidl_typesupport_fastrtps_cpp;rosidl_typesupport_introspection_cpp
[0.787s] -- Found PythonInterp: /usr/bin/python3 (found suitable version "3.10.12", minimum required is "3.6") 
[0.789s] -- Found python_cmake_module: 0.10.0 (/opt/ros/humble/share/python_cmake_module/cmake)
[0.805s] -- Found PythonLibs: /usr/lib/x86_64-linux-gnu/libpython3.10.so (found suitable version "3.10.12", minimum required is "3.5") 
[0.805s] -- Using PYTHON_EXECUTABLE: /usr/bin/python3
[0.805s] -- Using PYTHON_INCLUDE_DIRS: /usr/include/python3.10
[0.805s] -- Using PYTHON_LIBRARIES: /usr/lib/x86_64-linux-gnu/libpython3.10.so
[0.817s] -- Found PythonExtra: .so  
[0.846s] -- Configuring done
[0.865s] -- Generating done
[0.871s] -- Build files have been written to: /ros2_ws/build/linear_algebra_service
[0.876s] Invoked command in '/ros2_ws/build/linear_algebra_service' returned '0': CMAKE_PREFIX_PATH=/opt/ros/humble /usr/bin/cmake /ros2_ws/src/linear_algebra_service -DCMAKE_INSTALL_PREFIX=/ros2_ws/install/linear_algebra_service
[0.877s] Invoking command in '/ros2_ws/build/linear_algebra_service': CMAKE_PREFIX_PATH=/opt/ros/humble /usr/bin/cmake --build /ros2_ws/build/linear_algebra_service -- -j24 -l24
[0.905s] [  3%] [34m[1mGenerating C code for ROS interfaces[0m
[0.912s] [  6%] [34m[1mGenerating C++ code for ROS interfaces[0m
[0.917s] [  6%] Built target ament_cmake_python_copy_linear_algebra_service
[1.040s] running egg_info
[1.040s] creating linear_algebra_service.egg-info
[1.040s] writing linear_algebra_service.egg-info/PKG-INFO
[1.040s] writing dependency_links to linear_algebra_service.egg-info/dependency_links.txt
[1.040s] writing top-level names to linear_algebra_service.egg-info/top_level.txt
[1.040s] writing manifest file 'linear_algebra_service.egg-info/SOURCES.txt'
[1.042s] reading manifest file 'linear_algebra_service.egg-info/SOURCES.txt'
[1.042s] writing manifest file 'linear_algebra_service.egg-info/SOURCES.txt'
[1.061s] [  6%] Built target ament_cmake_python_build_linear_algebra_service_egg
[1.077s] [  6%] Built target linear_algebra_service__cpp
[1.084s] [ 16%] [34m[1mGenerating C++ type support for eProsima Fast-RTPS[0m
[1.084s] [ 16%] [34m[1mGenerating C++ type support dispatch for ROS interfaces[0m
[1.084s] [ 16%] [34m[1mGenerating C++ introspection for ROS interfaces[0m
[1.085s] [ 19%] [32mBuilding C object CMakeFiles/linear_algebra_service__rosidl_generator_c.dir/rosidl_generator_c/linear_algebra_service/srv/detail/solve_least_squares__functions.c.o[0m
[1.136s] [ 22%] [32m[1mLinking C shared library liblinear_algebra_service__rosidl_generator_c.so[0m
[1.162s] [ 22%] Built target linear_algebra_service__rosidl_generator_c
[1.169s] [ 25%] [34m[1mGenerating C introspection for ROS interfaces[0m
[1.169s] [ 29%] [34m[1mGenerating C type support for eProsima Fast-RTPS[0m
[1.169s] [ 32%] [34m[1mGenerating C type support dispatch for ROS interfaces[0m
[1.220s] [ 35%] [32mBuilding CXX object CMakeFiles/linear_algebra_service__rosidl_typesupport_cpp.dir/rosidl_typesupport_cpp/linear_algebra_service/srv/solve_least_squares__type_support.cpp.o[0m
[1.245s] [ 38%] [32mBuilding CXX object CMakeFiles/linear_algebra_service__rosidl_typesupport_introspection_cpp.dir/rosidl_typesupport_introspection_cpp/linear_algebra_service/srv/detail/solve_least_squares__type_support.cpp.o[0m
[1.256s] [ 41%] [32mBuilding CXX object CMakeFiles/linear_algebra_service__rosidl_typesupport_fastrtps_cpp.dir/rosidl_typesupport_fastrtps_cpp/linear_algebra_service/srv/detail/dds_fastrtps/solve_least_squares__type_support.cpp.o[0m
[1.319s] [ 45%] [32mBuilding CXX object CMakeFiles/linear_algebra_service__rosidl_typesupport_c.dir/rosidl_typesupport_c/linear_algebra_service/srv/solve_least_squares__type_support.cpp.o[0m
[1.334s] [ 48%] [32mBuilding CXX object CMakeFiles/linear_algebra_service__rosidl_typesupport_fastrtps_c.dir/rosidl_typesupport_fastrtps_c/linear_algebra_service/srv/detail/solve_least_squares__type_support_c.cpp.o[0m
[1.339s] [ 51%] [32mBuilding C object CMakeFiles/linear_algebra_service__rosidl_typesupport_introspection_c.dir/rosidl_typesupport_introspection_c/linear_algebra_service/srv/detail/solve_least_squares__type_support.c.o[0m
[1.341s] [ 54%] [32m[1mLinking CXX shared library liblinear_algebra_service__rosidl_typesupport_c.so[0m
[1.369s] [ 54%] Built target linear_algebra_service__rosidl_typesupport_c
[1.372s] [ 58%] [32m[1mLinking C shared library liblinear_algebra_service__rosidl_typesupport_introspection_c.so[0m
[1.393s] [ 61%] [32m[1mLinking CXX shared library liblinear_algebra_service__rosidl_typesupport_cpp.so[0m
[1.394s] [ 61%] Built target linear_algebra_service__rosidl_typesupport_introspection_c
[1.421s] [ 61%] Built target linear_algebra_service__rosidl_typesupport_cpp
[1.490s] [ 64%] [32m[1mLinking CXX shared library liblinear_algebra_service__rosidl_typesupport_introspection_cpp.so[0m
[1.515s] [ 67%] [32m[1mLinking CXX shared library liblinear_algebra_service__rosidl_typesupport_fastrtps_cpp.so[0m
[1.527s] [ 70%] [32m[1mLinking CXX shared library liblinear_algebra_service__rosidl_typesupport_fastrtps_c.so[0m
[1.537s] [ 70%] Built target linear_algebra_service__rosidl_typesupport_introspection_cpp
[1.560s] [ 70%] Built target linear_algebra_service__rosidl_typesupport_fastrtps_cpp
[1.571s] [ 70%] Built target linear_algebra_service__rosidl_typesupport_fastrtps_c
[1.584s] [ 70%] Built target linear_algebra_service
[1.597s] [ 74%] [34m[1mGenerating Python code for ROS interfaces[0m
[1.801s] [ 74%] Built target linear_algebra_service__py
[1.814s] [ 77%] [32mBuilding C object CMakeFiles/linear_algebra_service__rosidl_generator_py.dir/rosidl_generator_py/linear_algebra_service/srv/_solve_least_squares_s.c.o[0m
[1.906s] [ 80%] [32m[1mLinking C shared library rosidl_generator_py/linear_algebra_service/liblinear_algebra_service__rosidl_generator_py.so[0m
[1.933s] [ 80%] Built target linear_algebra_service__rosidl_generator_py
[1.947s] [ 83%] [32mBuilding C object CMakeFiles/linear_algebra_service__rosidl_typesupport_fastrtps_c__pyext.dir/rosidl_generator_py/linear_algebra_service/_linear_algebra_service_s.ep.rosidl_typesupport_fastrtps_c.c.o[0m
[1.947s] [ 87%] [32mBuilding C object CMakeFiles/linear_algebra_service__rosidl_typesupport_c__pyext.dir/rosidl_generator_py/linear_algebra_service/_linear_algebra_service_s.ep.rosidl_typesupport_c.c.o[0m
[1.947s] [ 90%] [32mBuilding C object CMakeFiles/linear_algebra_service__rosidl_typesupport_introspection_c__pyext.dir/rosidl_generator_py/linear_algebra_service/_linear_algebra_service_s.ep.rosidl_typesupport_introspection_c.c.o[0m
[2.006s] [ 93%] [32m[1mLinking C shared library rosidl_generator_py/linear_algebra_service/linear_algebra_service_s__rosidl_typesupport_c.cpython-310-x86_64-linux-gnu.so[0m
[2.006s] [ 96%] [32m[1mLinking C shared library rosidl_generator_py/linear_algebra_service/linear_algebra_service_s__rosidl_typesupport_introspection_c.cpython-310-x86_64-linux-gnu.so[0m
[2.010s] [100%] [32m[1mLinking C shared library rosidl_generator_py/linear_algebra_service/linear_algebra_service_s__rosidl_typesupport_fastrtps_c.cpython-310-x86_64-linux-gnu.so[0m
[2.028s] [100%] Built target linear_algebra_service__rosidl_typesupport_c__pyext
[2.028s] [100%] Built target linear_algebra_service__rosidl_typesupport_introspection_c__pyext
[2.034s] [100%] Built target linear_algebra_service__rosidl_typesupport_fastrtps_c__pyext
[2.042s] Invoked command in '/ros2_ws/build/linear_algebra_service' returned '0': CMAKE_PREFIX_PATH=/opt/ros/humble /usr/bin/cmake --build /ros2_ws/build/linear_algebra_service -- -j24 -l24
[2.049s] Invoking command in '/ros2_ws/build/linear_algebra_service': CMAKE_PREFIX_PATH=/opt/ros/humble /usr/bin/cmake --install /ros2_ws/build/linear_algebra_service
[2.054s] -- Install configuration: ""
[2.054s] -- Installing: /ros2_ws/install/linear_algebra_service/share/ament_index/resource_index/rosidl_interfaces/linear_algebra_service
[2.054s] -- Installing: /ros2_ws/install/linear_algebra_service/include/linear_algebra_service/linear_algebra_service
[2.055s] -- Installing: /ros2_ws/install/linear_algebra_service/include/linear_algebra_service/linear_algebra_service/msg
[2.055s] -- Installing: /ros2_ws/install/linear_algebra_service/include/linear_algebra_service/linear_algebra_service/msg/rosidl_generator_c__visibility_control.h
[2.055s] -- Installing: /ros2_ws/install/linear_algebra_service/include/linear_algebra_service/linear_algebra_service/srv
[2.055s] -- Installing: /ros2_ws/install/linear_algebra_service/include/linear_algebra_service/linear_algebra_service/srv/detail
[2.055s] -- Installing: /ros2_ws/install/linear_algebra_service/include/linear_algebra_service/linear_algebra_service/srv/detail/solve_least_squares__functions.c
[2.055s] -- Installing: /ros2_ws/install/linear_algebra_service/include/linear_algebra_service/linear_algebra_service/srv/detail/solve_least_squares__functions.h
[2.055s] -- Installing: /ros2_ws/install/linear_algebra_service/include/linear_algebra_service/linear_algebra_service/srv/detail/solve_least_squares__struct.h
[2.055s] -- Installing: /ros2_ws/install/linear_algebra_service/include/linear_algebra_service/linear_algebra_service/srv/detail/solve_least_squares__type_support.h
[2.055s] -- Installing: /ros2_ws/install/linear_algebra_service/include/linear_algebra_service/linear_algebra_service/srv/solve_least_squares.h
[2.055s] -- Installing: /ros2_ws/install/linear_algebra_service/share/linear_algebra_service/environment/library_path.sh
[2.056s] -- Installing: /ros2_ws/install/linear_algebra_service/share/linear_algebra_service/environment/library_path.dsv
[2.056s] -- Installing: /ros2_ws/install/linear_algebra_service/lib/liblinear_algebra_service__rosidl_generator_c.so
[2.056s] -- Set runtime path of "/ros2_ws/install/linear_algebra_service/lib/liblinear_algebra_service__rosidl_generator_c.so" to ""
[2.056s] -- Up-to-date: /ros2_ws/install/linear_algebra_service/include/linear_algebra_service/linear_algebra_service
[2.056s] -- Up-to-date: /ros2_ws/install/linear_algebra_service/include/linear_algebra_service/linear_algebra_service/msg
[2.056s] -- Installing: /ros2_ws/install/linear_algebra_service/include/linear_algebra_service/linear_algebra_service/msg/rosidl_typesupport_fastrtps_c__visibility_control.h
[2.056s] -- Up-to-date: /ros2_ws/install/linear_algebra_service/include/linear_algebra_service/linear_algebra_service/srv
[2.056s] -- Up-to-date: /ros2_ws/install/linear_algebra_service/include/linear_algebra_service/linear_algebra_service/srv/detail
[2.056s] -- Installing: /ros2_ws/install/linear_algebra_service/include/linear_algebra_service/linear_algebra_service/srv/detail/solve_least_squares__rosidl_typesupport_fastrtps_c.h
[2.057s] -- Installing: /ros2_ws/install/linear_algebra_service/lib/liblinear_algebra_service__rosidl_typesupport_fastrtps_c.so
[2.057s] -- Set runtime path of "/ros2_ws/install/linear_algebra_service/lib/liblinear_algebra_service__rosidl_typesupport_fastrtps_c.so" to ""
[2.057s] -- Up-to-date: /ros2_ws/install/linear_algebra_service/include/linear_algebra_service/linear_algebra_service
[2.057s] -- Up-to-date: /ros2_ws/install/linear_algebra_service/include/linear_algebra_service/linear_algebra_service/msg
[2.057s] -- Installing: /ros2_ws/install/linear_algebra_service/include/linear_algebra_service/linear_algebra_service/msg/rosidl_typesupport_introspection_c__visibility_control.h
[2.057s] -- Up-to-date: /ros2_ws/install/linear_algebra_service/include/linear_algebra_service/linear_algebra_service/srv
[2.057s] -- Up-to-date: /ros2_ws/install/linear_algebra_service/include/linear_algebra_service/linear_algebra_service/srv/detail
[2.057s] -- Installing: /ros2_ws/install/linear_algebra_service/include/linear_algebra_service/linear_algebra_service/srv/detail/solve_least_squares__rosidl_typesupport_introspection_c.h
[2.057s] -- Installing: /ros2_ws/install/linear_algebra_service/include/linear_algebra_service/linear_algebra_service/srv/detail/solve_least_squares__type_support.c
[2.057s] -- Installing: /ros2_ws/install/linear_algebra_service/lib/liblinear_algebra_service__rosidl_typesupport_introspection_c.so
[2.058s] -- Set runtime path of "/ros2_ws/install/linear_algebra_service/lib/liblinear_algebra_service__rosidl_typesupport_introspection_c.so" to ""
[2.058s] -- Installing: /ros2_ws/install/linear_algebra_service/lib/liblinear_algebra_service__rosidl_typesupport_c.so
[2.058s] -- Set runtime path of "/ros2_ws/install/linear_algebra_service/lib/liblinear_algebra_service__rosidl_typesupport_c.so" to ""
[2.058s] -- Up-to-date: /ros2_ws/install/linear_algebra_service/include/linear_algebra_service/linear_algebra_service
[2.058s] -- Up-to-date: /ros2_ws/install/linear_algebra_service/include/linear_algebra_service/linear_algebra_service/msg
[2.058s] -- Installing: /ros2_ws/install/linear_algebra_service/include/linear_algebra_service/linear_algebra_service/msg/rosidl_generator_cpp__visibility_control.hpp
[2.058s] -- Up-to-date: /ros2_ws/install/linear_algebra_service/include/linear_algebra_service/linear_algebra_service/srv
[2.058s] -- Installing: /ros2_ws/install/linear_algebra_service/include/linear_algebra_service/linear_algebra_service/srv/solve_least_squares.hpp
[2.058s] -- Up-to-date: /ros2_ws/install/linear_algebra_service/include/linear_algebra_service/linear_algebra_service/srv/detail
[2.058s] -- Installing: /ros2_ws/install/linear_algebra_service/include/linear_algebra_service/linear_algebra_service/srv/detail/solve_least_squares__struct.hpp
[2.059s] -- Installing: /ros2_ws/install/linear_algebra_service/include/linear_algebra_service/linear_algebra_service/srv/detail/solve_least_squares__type_support.hpp
[2.059s] -- Installing: /ros2_ws/install/linear_algebra_service/include/linear_algebra_service/linear_algebra_service/srv/detail/solve_least_squares__traits.hpp
[2.059s] -- Installing: /ros2_ws/install/linear_algebra_service/include/linear_algebra_service/linear_algebra_service/srv/detail/solve_least_squares__builder.hpp
[2.059s] -- Up-to-date: /ros2_ws/install/linear_algebra_service/include/linear_algebra_service/linear_algebra_service
[2.059s] -- Up-to-date: /ros2_ws/install/linear_algebra_service/include/linear_algebra_service/linear_algebra_service/msg
[2.059s] -- Installing: /ros2_ws/install/linear_algebra_service/include/linear_algebra_service/linear_algebra_service/msg/rosidl_typesupport_fastrtps_cpp__visibility_control.h
[2.059s] -- Up-to-date: /ros2_ws/install/linear_algebra_service/include/linear_algebra_service/linear_algebra_service/srv
[2.059s] -- Up-to-date: /ros2_ws/install/linear_algebra_service/include/linear_algebra_service/linear_algebra_service/srv/detail
[2.059s] -- Installing: /ros2_ws/install/linear_algebra_service/include/linear_algebra_service/linear_algebra_service/srv/detail/solve_least_squares__rosidl_typesupport_fastrtps_cpp.hpp
[2.059s] -- Installing: /ros2_ws/install/linear_algebra_service/include/linear_algebra_service/linear_algebra_service/srv/detail/dds_fastrtps
[2.059s] -- Installing: /ros2_ws/install/linear_algebra_service/lib/liblinear_algebra_service__rosidl_typesupport_fastrtps_cpp.so
[2.060s] -- Set runtime path of "/ros2_ws/install/linear_algebra_service/lib/liblinear_algebra_service__rosidl_typesupport_fastrtps_cpp.so" to ""
[2.060s] -- Up-to-date: /ros2_ws/install/linear_algebra_service/include/linear_algebra_service/linear_algebra_service
[2.060s] -- Up-to-date: /ros2_ws/install/linear_algebra_service/include/linear_algebra_service/linear_algebra_service/srv
[2.060s] -- Up-to-date: /ros2_ws/install/linear_algebra_service/include/linear_algebra_service/linear_algebra_service/srv/detail
[2.060s] -- Installing: /ros2_ws/install/linear_algebra_service/include/linear_algebra_service/linear_algebra_service/srv/detail/solve_least_squares__rosidl_typesupport_introspection_cpp.hpp
[2.060s] -- Installing: /ros2_ws/install/linear_algebra_service/include/linear_algebra_service/linear_algebra_service/srv/detail/solve_least_squares__type_support.cpp
[2.060s] -- Installing: /ros2_ws/install/linear_algebra_service/lib/liblinear_algebra_service__rosidl_typesupport_introspection_cpp.so
[2.060s] -- Set runtime path of "/ros2_ws/install/linear_algebra_service/lib/liblinear_algebra_service__rosidl_typesupport_introspection_cpp.so" to ""
[2.060s] -- Installing: /ros2_ws/install/linear_algebra_service/lib/liblinear_algebra_service__rosidl_typesupport_cpp.so
[2.061s] -- Set runtime path of "/ros2_ws/install/linear_algebra_service/lib/liblinear_algebra_service__rosidl_typesupport_cpp.so" to ""
[2.061s] -- Installing: /ros2_ws/install/linear_algebra_service/share/linear_algebra_service/environment/pythonpath.sh
[2.061s] -- Installing: /ros2_ws/install/linear_algebra_service/share/linear_algebra_service/environment/pythonpath.dsv
[2.061s] -- Installing: /ros2_ws/install/linear_algebra_service/local/lib/python3.10/dist-packages/linear_algebra_service-0.0.0-py3.10.egg-info
[2.061s] -- Installing: /ros2_ws/install/linear_algebra_service/local/lib/python3.10/dist-packages/linear_algebra_service-0.0.0-py3.10.egg-info/dependency_links.txt
[2.061s] -- Installing: /ros2_ws/install/linear_algebra_service/local/lib/python3.10/dist-packages/linear_algebra_service-0.0.0-py3.10.egg-info/top_level.txt
[2.061s] -- Installing: /ros2_ws/install/linear_algebra_service/local/lib/python3.10/dist-packages/linear_algebra_service-0.0.0-py3.10.egg-info/SOURCES.txt
[2.061s] -- Installing: /ros2_ws/install/linear_algebra_service/local/lib/python3.10/dist-packages/linear_algebra_service-0.0.0-py3.10.egg-info/PKG-INFO
[2.062s] -- Installing: /ros2_ws/install/linear_algebra_service/local/lib/python3.10/dist-packages/linear_algebra_service
[2.062s] -- Installing: /ros2_ws/install/linear_algebra_service/local/lib/python3.10/dist-packages/linear_algebra_service/_linear_algebra_service_s.ep.rosidl_typesupport_introspection_c.c
[2.062s] -- Installing: /ros2_ws/install/linear_algebra_service/local/lib/python3.10/dist-packages/linear_algebra_service/linear_algebra_service_s__rosidl_typesupport_fastrtps_c.cpython-310-x86_64-linux-gnu.so
[2.062s] -- Installing: /ros2_ws/install/linear_algebra_service/local/lib/python3.10/dist-packages/linear_algebra_service/liblinear_algebra_service__rosidl_generator_py.so
[2.062s] -- Installing: /ros2_ws/install/linear_algebra_service/local/lib/python3.10/dist-packages/linear_algebra_service/__init__.py
[2.062s] -- Installing: /ros2_ws/install/linear_algebra_service/local/lib/python3.10/dist-packages/linear_algebra_service/linear_algebra_service_s__rosidl_typesupport_c.cpython-310-x86_64-linux-gnu.so
[2.062s] -- Installing: /ros2_ws/install/linear_algebra_service/local/lib/python3.10/dist-packages/linear_algebra_service/_linear_algebra_service_s.ep.rosidl_typesupport_fastrtps_c.c
[2.062s] -- Installing: /ros2_ws/install/linear_algebra_service/local/lib/python3.10/dist-packages/linear_algebra_service/srv
[2.062s] -- Installing: /ros2_ws/install/linear_algebra_service/local/lib/python3.10/dist-packages/linear_algebra_service/srv/__init__.py
[2.062s] -- Installing: /ros2_ws/install/linear_algebra_service/local/lib/python3.10/dist-packages/linear_algebra_service/srv/_solve_least_squares_s.c
[2.063s] -- Installing: /ros2_ws/install/linear_algebra_service/local/lib/python3.10/dist-packages/linear_algebra_service/srv/_solve_least_squares.py
[2.063s] -- Installing: /ros2_ws/install/linear_algebra_service/local/lib/python3.10/dist-packages/linear_algebra_service/_linear_algebra_service_s.ep.rosidl_typesupport_c.c
[2.063s] -- Installing: /ros2_ws/install/linear_algebra_service/local/lib/python3.10/dist-packages/linear_algebra_service/linear_algebra_service_s__rosidl_typesupport_introspection_c.cpython-310-x86_64-linux-gnu.so
[2.084s] Listing '/ros2_ws/install/linear_algebra_service/local/lib/python3.10/dist-packages/linear_algebra_service'...
[2.084s] Compiling '/ros2_ws/install/linear_algebra_service/local/lib/python3.10/dist-packages/linear_algebra_service/__init__.py'...
[2.084s] Listing '/ros2_ws/install/linear_algebra_service/local/lib/python3.10/dist-packages/linear_algebra_service/srv'...
[2.084s] Compiling '/ros2_ws/install/linear_algebra_service/local/lib/python3.10/dist-packages/linear_algebra_service/srv/__init__.py'...
[2.084s] Compiling '/ros2_ws/install/linear_algebra_service/local/lib/python3.10/dist-packages/linear_algebra_service/srv/_solve_least_squares.py'...
[2.087s] -- Installing: /ros2_ws/install/linear_algebra_service/local/lib/python3.10/dist-packages/linear_algebra_service/linear_algebra_service_s__rosidl_typesupport_fastrtps_c.cpython-310-x86_64-linux-gnu.so
[2.087s] -- Set runtime path of "/ros2_ws/install/linear_algebra_service/local/lib/python3.10/dist-packages/linear_algebra_service/linear_algebra_service_s__rosidl_typesupport_fastrtps_c.cpython-310-x86_64-linux-gnu.so" to ""
[2.087s] -- Installing: /ros2_ws/install/linear_algebra_service/local/lib/python3.10/dist-packages/linear_algebra_service/linear_algebra_service_s__rosidl_typesupport_introspection_c.cpython-310-x86_64-linux-gnu.so
[2.087s] -- Set runtime path of "/ros2_ws/install/linear_algebra_service/local/lib/python3.10/dist-packages/linear_algebra_service/linear_algebra_service_s__rosidl_typesupport_introspection_c.cpython-310-x86_64-linux-gnu.so" to ""
[2.088s] -- Installing: /ros2_ws/install/linear_algebra_service/local/lib/python3.10/dist-packages/linear_algebra_service/linear_algebra_service_s__rosidl_typesupport_c.cpython-310-x86_64-linux-gnu.so
[2.088s] -- Set runtime path of "/ros2_ws/install/linear_algebra_service/local/lib/python3.10/dist-packages/linear_algebra_service/linear_algebra_service_s__rosidl_typesupport_c.cpython-310-x86_64-linux-gnu.so" to ""
[2.088s] -- Installing: /ros2_ws/install/linear_algebra_service/lib/liblinear_algebra_service__rosidl_generator_py.so
[2.088s] -- Set runtime path of "/ros2_ws/install/linear_algebra_service/lib/liblinear_algebra_service__rosidl_generator_py.so" to ""
[2.088s] -- Installing: /ros2_ws/install/linear_algebra_service/share/linear_algebra_service/srv/SolveLeastSquares.idl
[2.089s] -- Installing: /ros2_ws/install/linear_algebra_service/share/linear_algebra_service/srv/SolveLeastSquares.srv
[2.089s] -- Installing: /ros2_ws/install/linear_algebra_service/share/linear_algebra_service/srv/SolveLeastSquares_Request.msg
[2.089s] -- Installing: /ros2_ws/install/linear_algebra_service/share/linear_algebra_service/srv/SolveLeastSquares_Response.msg
[2.089s] -- Installing: /ros2_ws/install/linear_algebra_service/share/ament_index/resource_index/package_run_dependencies/linear_algebra_service
[2.089s] -- Installing: /ros2_ws/install/linear_algebra_service/share/ament_index/resource_index/parent_prefix_path/linear_algebra_service
[2.089s] -- Installing: /ros2_ws/install/linear_algebra_service/share/linear_algebra_service/environment/ament_prefix_path.sh
[2.089s] -- Installing: /ros2_ws/install/linear_algebra_service/share/linear_algebra_service/environment/ament_prefix_path.dsv
[2.090s] -- Installing: /ros2_ws/install/linear_algebra_service/share/linear_algebra_service/environment/path.sh
[2.090s] -- Installing: /ros2_ws/install/linear_algebra_service/share/linear_algebra_service/environment/path.dsv
[2.090s] -- Installing: /ros2_ws/install/linear_algebra_service/share/linear_algebra_service/local_setup.bash
[2.090s] -- Installing: /ros2_ws/install/linear_algebra_service/share/linear_algebra_service/local_setup.sh
[2.090s] -- Installing: /ros2_ws/install/linear_algebra_service/share/linear_algebra_service/local_setup.zsh
[2.090s] -- Installing: /ros2_ws/install/linear_algebra_service/share/linear_algebra_service/local_setup.dsv
[2.090s] -- Installing: /ros2_ws/install/linear_algebra_service/share/linear_algebra_service/package.dsv
[2.091s] -- Installing: /ros2_ws/install/linear_algebra_service/share/ament_index/resource_index/packages/linear_algebra_service
[2.091s] -- Installing: /ros2_ws/install/linear_algebra_service/share/linear_algebra_service/cmake/export_linear_algebra_service__rosidl_generator_cExport.cmake
[2.091s] -- Installing: /ros2_ws/install/linear_algebra_service/share/linear_algebra_service/cmake/export_linear_algebra_service__rosidl_generator_cExport-noconfig.cmake
[2.091s] -- Installing: /ros2_ws/install/linear_algebra_service/share/linear_algebra_service/cmake/export_linear_algebra_service__rosidl_typesupport_fastrtps_cExport.cmake
[2.091s] -- Installing: /ros2_ws/install/linear_algebra_service/share/linear_algebra_service/cmake/export_linear_algebra_service__rosidl_typesupport_fastrtps_cExport-noconfig.cmake
[2.091s] -- Installing: /ros2_ws/install/linear_algebra_service/share/linear_algebra_service/cmake/linear_algebra_service__rosidl_typesupport_introspection_cExport.cmake
[2.091s] -- Installing: /ros2_ws/install/linear_algebra_service/share/linear_algebra_service/cmake/linear_algebra_service__rosidl_typesupport_introspection_cExport-noconfig.cmake
[2.092s] -- Installing: /ros2_ws/install/linear_algebra_service/share/linear_algebra_service/cmake/linear_algebra_service__rosidl_typesupport_cExport.cmake
[2.092s] -- Installing: /ros2_ws/install/linear_algebra_service/share/linear_algebra_service/cmake/linear_algebra_service__rosidl_typesupport_cExport-noconfig.cmake
[2.092s] -- Installing: /ros2_ws/install/linear_algebra_service/share/linear_algebra_service/cmake/export_linear_algebra_service__rosidl_generator_cppExport.cmake
[2.092s] -- Installing: /ros2_ws/install/linear_algebra_service/share/linear_algebra_service/cmake/export_linear_algebra_service__rosidl_typesupport_fastrtps_cppExport.cmake
[2.092s] -- Installing: /ros2_ws/install/linear_algebra_service/share/linear_algebra_service/cmake/export_linear_algebra_service__rosidl_typesupport_fastrtps_cppExport-noconfig.cmake
[2.092s] -- Installing: /ros2_ws/install/linear_algebra_service/share/linear_algebra_service/cmake/linear_algebra_service__rosidl_typesupport_introspection_cppExport.cmake
[2.092s] -- Installing: /ros2_ws/install/linear_algebra_service/share/linear_algebra_service/cmake/linear_algebra_service__rosidl_typesupport_introspection_cppExport-noconfig.cmake
[2.092s] -- Installing: /ros2_ws/install/linear_algebra_service/share/linear_algebra_service/cmake/linear_algebra_service__rosidl_typesupport_cppExport.cmake
[2.093s] -- Installing: /ros2_ws/install/linear_algebra_service/share/linear_algebra_service/cmake/linear_algebra_service__rosidl_typesupport_cppExport-noconfig.cmake
[2.093s] -- Installing: /ros2_ws/install/linear_algebra_service/share/linear_algebra_service/cmake/export_linear_algebra_service__rosidl_generator_pyExport.cmake
[2.093s] -- Installing: /ros2_ws/install/linear_algebra_service/share/linear_algebra_service/cmake/export_linear_algebra_service__rosidl_generator_pyExport-noconfig.cmake
[2.093s] -- Installing: /ros2_ws/install/linear_algebra_service/share/linear_algebra_service/cmake/rosidl_cmake-extras.cmake
[2.093s] -- Installing: /ros2_ws/install/linear_algebra_service/share/linear_algebra_service/cmake/ament_cmake_export_include_directories-extras.cmake
[2.093s] -- Installing: /ros2_ws/install/linear_algebra_service/share/linear_algebra_service/cmake/ament_cmake_export_libraries-extras.cmake
[2.094s] -- Installing: /ros2_ws/install/linear_algebra_service/share/linear_algebra_service/cmake/ament_cmake_export_targets-extras.cmake
[2.094s] -- Installing: /ros2_ws/install/linear_algebra_service/share/linear_algebra_service/cmake/rosidl_cmake_export_typesupport_targets-extras.cmake
[2.094s] -- Installing: /ros2_ws/install/linear_algebra_service/share/linear_algebra_service/cmake/ament_cmake_export_dependencies-extras.cmake
[2.094s] -- Installing: /ros2_ws/install/linear_algebra_service/share/linear_algebra_service/cmake/rosidl_cmake_export_typesupport_libraries-extras.cmake
[2.094s] -- Installing: /ros2_ws/install/linear_algebra_service/share/linear_algebra_service/cmake/linear_algebra_serviceConfig.cmake
[2.094s] -- Installing: /ros2_ws/install/linear_algebra_service/share/linear_algebra_service/cmake/linear_algebra_serviceConfig-version.cmake
[2.094s] -- Installing: /ros2_ws/install/linear_algebra_service/share/linear_algebra_service/package.xml
[2.096s] Invoked command in '/ros2_ws/build/linear_algebra_service' returned '0': CMAKE_PREFIX_PATH=/opt/ros/humble /usr/bin/cmake --install /ros2_ws/build/linear_algebra_service
